{
  "RSpec": {
    "coverage": {
      "/Users/leonardoalvares/code/campus/almoco_hoje/app/helpers/application_helper.rb": [
        1,
        null
      ],
      "/Users/leonardoalvares/code/campus/almoco_hoje/app/models/intention.rb": [
        1,
        1,
        null,
        null
      ],
      "/Users/leonardoalvares/code/campus/almoco_hoje/app/controllers/intentions_controller.rb": [
        1,
        1,
        2,
        null,
        null,
        1,
        2,
        null,
        null,
        1,
        2,
        2,
        1,
        null,
        1,
        null,
        null,
        null,
        1,
        1,
        null,
        null,
        1,
        null,
        1,
        2,
        null,
        null,
        null
      ],
      "/Users/leonardoalvares/code/campus/almoco_hoje/app/controllers/application_controller.rb": [
        1,
        null,
        null,
        1,
        null
      ],
      "/Users/leonardoalvares/code/campus/almoco_hoje/app/models/restaurant.rb": [
        1,
        null
      ]
    },
    "timestamp": 1464967622
  }
}
